#! /usr/bin/vvp
:ivl_version "11.0 (stable)" "(v11_0)";
:ivl_delay_selection "TYPICAL";
:vpi_time_precision + 0;
:vpi_module "/usr/lib/ivl/system.vpi";
:vpi_module "/usr/lib/ivl/vhdl_sys.vpi";
:vpi_module "/usr/lib/ivl/vhdl_textio.vpi";
:vpi_module "/usr/lib/ivl/v2005_math.vpi";
:vpi_module "/usr/lib/ivl/va_math.vpi";
S_0x55f6623e6d40 .scope module, "tb" "tb" 2 1;
 .timescale 0 0;
v0x55f66240ea10_0 .var "i", 7 0;
v0x55f66240eb00_0 .var "s", 2 0;
v0x55f66240ebd0_0 .net "y", 0 0, L_0x55f662413510;  1 drivers
S_0x55f6623e48b0 .scope begin, "$ivl_for_loop0" "$ivl_for_loop0" 2 9, 2 9 0, S_0x55f6623e6d40;
 .timescale 0 0;
v0x55f662408010_0 .var/i "j", 31 0;
S_0x55f6623db240 .scope begin, "$ivl_for_loop1" "$ivl_for_loop1" 2 14, 2 14 0, S_0x55f6623e48b0;
 .timescale 0 0;
v0x55f6623db420_0 .var/i "k", 31 0;
S_0x55f662408110 .scope module, "DUT" "mux_8x1" 2 6, 3 53 0, S_0x55f6623e6d40;
 .timescale 0 0;
    .port_info 0 /INPUT 8 "i";
    .port_info 1 /INPUT 3 "s";
    .port_info 2 /OUTPUT 1 "y";
v0x55f66240e640_0 .net "i", 7 0, v0x55f66240ea10_0;  1 drivers
v0x55f66240e720_0 .net "s", 2 0, v0x55f66240eb00_0;  1 drivers
v0x55f66240e800_0 .net "tmp", 1 0, L_0x55f662412ed0;  1 drivers
v0x55f66240e900_0 .net "y", 0 0, L_0x55f662413510;  alias, 1 drivers
L_0x55f662410cb0 .part v0x55f66240ea10_0, 4, 4;
L_0x55f662410da0 .part v0x55f66240eb00_0, 0, 2;
L_0x55f662412d00 .part v0x55f66240ea10_0, 0, 4;
L_0x55f662412da0 .part v0x55f66240eb00_0, 0, 2;
L_0x55f662412ed0 .concat8 [ 1 1 0 0], L_0x55f662412980, L_0x55f662410900;
L_0x55f662413790 .part v0x55f66240eb00_0, 2, 1;
S_0x55f662408360 .scope module, "mux_combo" "mux_2x1" 3 62, 3 23 0, S_0x55f662408110;
 .timescale 0 0;
    .port_info 0 /INPUT 2 "i";
    .port_info 1 /INPUT 1 "s";
    .port_info 2 /OUTPUT 1 "y";
L_0x55f662412f70 .functor NOT 1, L_0x55f662413790, C4<0>, C4<0>, C4<0>;
L_0x55f662412fe0 .functor AND 1, L_0x55f6624130a0, L_0x55f662412f70, C4<1>, C4<1>;
L_0x55f662413280 .functor AND 1, L_0x55f662413390, L_0x55f662413790, C4<1>, C4<1>;
L_0x55f662413510 .functor OR 1, L_0x55f662413580, L_0x55f6624136a0, C4<0>, C4<0>;
v0x55f6624085d0_0 .net *"_ivl_11", 0 0, L_0x55f662413390;  1 drivers
v0x55f6624086d0_0 .net *"_ivl_14", 0 0, L_0x55f662413580;  1 drivers
v0x55f6624087b0_0 .net *"_ivl_16", 0 0, L_0x55f6624136a0;  1 drivers
v0x55f662408870_0 .net *"_ivl_2", 0 0, L_0x55f662412fe0;  1 drivers
v0x55f662408950_0 .net *"_ivl_5", 0 0, L_0x55f6624130a0;  1 drivers
v0x55f662408a80_0 .net *"_ivl_7", 0 0, L_0x55f662413280;  1 drivers
v0x55f662408b60_0 .net "i", 1 0, L_0x55f662412ed0;  alias, 1 drivers
v0x55f662408c40_0 .net "s", 0 0, L_0x55f662413790;  1 drivers
v0x55f662408d00_0 .net "s_bar", 0 0, L_0x55f662412f70;  1 drivers
v0x55f662408dc0_0 .net "tmp", 1 0, L_0x55f662413190;  1 drivers
v0x55f662408ea0_0 .net "y", 0 0, L_0x55f662413510;  alias, 1 drivers
L_0x55f6624130a0 .part L_0x55f662412ed0, 0, 1;
L_0x55f662413190 .concat8 [ 1 1 0 0], L_0x55f662412fe0, L_0x55f662413280;
L_0x55f662413390 .part L_0x55f662412ed0, 1, 1;
L_0x55f662413580 .part L_0x55f662413190, 1, 1;
L_0x55f6624136a0 .part L_0x55f662413190, 0, 1;
S_0x55f662408fe0 .scope module, "mux_hi" "mux_4x1" 3 60, 3 40 0, S_0x55f662408110;
 .timescale 0 0;
    .port_info 0 /INPUT 4 "i";
    .port_info 1 /INPUT 2 "s";
    .port_info 2 /OUTPUT 1 "y";
v0x55f66240b7b0_0 .net "i", 3 0, L_0x55f662410cb0;  1 drivers
v0x55f66240b890_0 .net "s", 1 0, L_0x55f662410da0;  1 drivers
v0x55f66240b970_0 .net "tmp", 1 0, L_0x55f6624101d0;  1 drivers
v0x55f66240ba10_0 .net "y", 0 0, L_0x55f662410900;  1 drivers
L_0x55f66240f590 .part L_0x55f662410cb0, 2, 2;
L_0x55f66240f630 .part L_0x55f662410da0, 0, 1;
L_0x55f66240ffc0 .part L_0x55f662410cb0, 0, 2;
L_0x55f6624100b0 .part L_0x55f662410da0, 0, 1;
L_0x55f6624101d0 .concat8 [ 1 1 0 0], L_0x55f66240fcc0, L_0x55f66240f290;
L_0x55f662410bd0 .part L_0x55f662410da0, 1, 1;
S_0x55f6624091c0 .scope module, "mux_combo" "mux_2x1" 3 49, 3 23 0, S_0x55f662408fe0;
 .timescale 0 0;
    .port_info 0 /INPUT 2 "i";
    .port_info 1 /INPUT 1 "s";
    .port_info 2 /OUTPUT 1 "y";
L_0x55f662410360 .functor NOT 1, L_0x55f662410bd0, C4<0>, C4<0>, C4<0>;
L_0x55f6624103d0 .functor AND 1, L_0x55f662410490, L_0x55f662410360, C4<1>, C4<1>;
L_0x55f662410670 .functor AND 1, L_0x55f662410780, L_0x55f662410bd0, C4<1>, C4<1>;
L_0x55f662410900 .functor OR 1, L_0x55f662410970, L_0x55f662410ae0, C4<0>, C4<0>;
v0x55f662409430_0 .net *"_ivl_11", 0 0, L_0x55f662410780;  1 drivers
v0x55f662409530_0 .net *"_ivl_14", 0 0, L_0x55f662410970;  1 drivers
v0x55f662409610_0 .net *"_ivl_16", 0 0, L_0x55f662410ae0;  1 drivers
v0x55f6624096d0_0 .net *"_ivl_2", 0 0, L_0x55f6624103d0;  1 drivers
v0x55f6624097b0_0 .net *"_ivl_5", 0 0, L_0x55f662410490;  1 drivers
v0x55f6624098e0_0 .net *"_ivl_7", 0 0, L_0x55f662410670;  1 drivers
v0x55f6624099c0_0 .net "i", 1 0, L_0x55f6624101d0;  alias, 1 drivers
v0x55f662409aa0_0 .net "s", 0 0, L_0x55f662410bd0;  1 drivers
v0x55f662409b60_0 .net "s_bar", 0 0, L_0x55f662410360;  1 drivers
v0x55f662409cb0_0 .net "tmp", 1 0, L_0x55f662410580;  1 drivers
v0x55f662409d90_0 .net "y", 0 0, L_0x55f662410900;  alias, 1 drivers
L_0x55f662410490 .part L_0x55f6624101d0, 0, 1;
L_0x55f662410580 .concat8 [ 1 1 0 0], L_0x55f6624103d0, L_0x55f662410670;
L_0x55f662410780 .part L_0x55f6624101d0, 1, 1;
L_0x55f662410970 .part L_0x55f662410580, 1, 1;
L_0x55f662410ae0 .part L_0x55f662410580, 0, 1;
S_0x55f662409ed0 .scope module, "mux_hi" "mux_2x1" 3 47, 3 23 0, S_0x55f662408fe0;
 .timescale 0 0;
    .port_info 0 /INPUT 2 "i";
    .port_info 1 /INPUT 1 "s";
    .port_info 2 /OUTPUT 1 "y";
L_0x55f66240eca0 .functor NOT 1, L_0x55f66240f630, C4<0>, C4<0>, C4<0>;
L_0x55f66240ed40 .functor AND 1, L_0x55f66240ee60, L_0x55f66240eca0, C4<1>, C4<1>;
L_0x55f66240f040 .functor AND 1, L_0x55f66240f150, L_0x55f66240f630, C4<1>, C4<1>;
L_0x55f66240f290 .functor OR 1, L_0x55f66240f330, L_0x55f66240f4a0, C4<0>, C4<0>;
v0x55f66240a0b0_0 .net *"_ivl_11", 0 0, L_0x55f66240f150;  1 drivers
v0x55f66240a1b0_0 .net *"_ivl_14", 0 0, L_0x55f66240f330;  1 drivers
v0x55f66240a290_0 .net *"_ivl_16", 0 0, L_0x55f66240f4a0;  1 drivers
v0x55f66240a350_0 .net *"_ivl_2", 0 0, L_0x55f66240ed40;  1 drivers
v0x55f66240a430_0 .net *"_ivl_5", 0 0, L_0x55f66240ee60;  1 drivers
v0x55f66240a560_0 .net *"_ivl_7", 0 0, L_0x55f66240f040;  1 drivers
v0x55f66240a640_0 .net "i", 1 0, L_0x55f66240f590;  1 drivers
v0x55f66240a720_0 .net "s", 0 0, L_0x55f66240f630;  1 drivers
v0x55f66240a7e0_0 .net "s_bar", 0 0, L_0x55f66240eca0;  1 drivers
v0x55f66240a930_0 .net "tmp", 1 0, L_0x55f66240ef50;  1 drivers
v0x55f66240aa10_0 .net "y", 0 0, L_0x55f66240f290;  1 drivers
L_0x55f66240ee60 .part L_0x55f66240f590, 0, 1;
L_0x55f66240ef50 .concat8 [ 1 1 0 0], L_0x55f66240ed40, L_0x55f66240f040;
L_0x55f66240f150 .part L_0x55f66240f590, 1, 1;
L_0x55f66240f330 .part L_0x55f66240ef50, 1, 1;
L_0x55f66240f4a0 .part L_0x55f66240ef50, 0, 1;
S_0x55f66240ab50 .scope module, "mux_lo" "mux_2x1" 3 48, 3 23 0, S_0x55f662408fe0;
 .timescale 0 0;
    .port_info 0 /INPUT 2 "i";
    .port_info 1 /INPUT 1 "s";
    .port_info 2 /OUTPUT 1 "y";
L_0x55f66240f6d0 .functor NOT 1, L_0x55f6624100b0, C4<0>, C4<0>, C4<0>;
L_0x55f66240f770 .functor AND 1, L_0x55f66240f890, L_0x55f66240f6d0, C4<1>, C4<1>;
L_0x55f66240fa70 .functor AND 1, L_0x55f66240fb80, L_0x55f6624100b0, C4<1>, C4<1>;
L_0x55f66240fcc0 .functor OR 1, L_0x55f66240fd60, L_0x55f66240fed0, C4<0>, C4<0>;
v0x55f66240ad30_0 .net *"_ivl_11", 0 0, L_0x55f66240fb80;  1 drivers
v0x55f66240ae10_0 .net *"_ivl_14", 0 0, L_0x55f66240fd60;  1 drivers
v0x55f66240aef0_0 .net *"_ivl_16", 0 0, L_0x55f66240fed0;  1 drivers
v0x55f66240afb0_0 .net *"_ivl_2", 0 0, L_0x55f66240f770;  1 drivers
v0x55f66240b090_0 .net *"_ivl_5", 0 0, L_0x55f66240f890;  1 drivers
v0x55f66240b1c0_0 .net *"_ivl_7", 0 0, L_0x55f66240fa70;  1 drivers
v0x55f66240b2a0_0 .net "i", 1 0, L_0x55f66240ffc0;  1 drivers
v0x55f66240b380_0 .net "s", 0 0, L_0x55f6624100b0;  1 drivers
v0x55f66240b440_0 .net "s_bar", 0 0, L_0x55f66240f6d0;  1 drivers
v0x55f66240b590_0 .net "tmp", 1 0, L_0x55f66240f980;  1 drivers
v0x55f66240b670_0 .net "y", 0 0, L_0x55f66240fcc0;  1 drivers
L_0x55f66240f890 .part L_0x55f66240ffc0, 0, 1;
L_0x55f66240f980 .concat8 [ 1 1 0 0], L_0x55f66240f770, L_0x55f66240fa70;
L_0x55f66240fb80 .part L_0x55f66240ffc0, 1, 1;
L_0x55f66240fd60 .part L_0x55f66240f980, 1, 1;
L_0x55f66240fed0 .part L_0x55f66240f980, 0, 1;
S_0x55f66240baf0 .scope module, "mux_lo" "mux_4x1" 3 61, 3 40 0, S_0x55f662408110;
 .timescale 0 0;
    .port_info 0 /INPUT 4 "i";
    .port_info 1 /INPUT 2 "s";
    .port_info 2 /OUTPUT 1 "y";
v0x55f66240e2a0_0 .net "i", 3 0, L_0x55f662412d00;  1 drivers
v0x55f66240e380_0 .net "s", 1 0, L_0x55f662412da0;  1 drivers
v0x55f66240e460_0 .net "tmp", 1 0, L_0x55f662412250;  1 drivers
v0x55f66240e530_0 .net "y", 0 0, L_0x55f662412980;  1 drivers
L_0x55f6624116d0 .part L_0x55f662412d00, 2, 2;
L_0x55f662411770 .part L_0x55f662412da0, 0, 1;
L_0x55f662412040 .part L_0x55f662412d00, 0, 2;
L_0x55f662412130 .part L_0x55f662412da0, 0, 1;
L_0x55f662412250 .concat8 [ 1 1 0 0], L_0x55f662411d70, L_0x55f662411430;
L_0x55f662412c20 .part L_0x55f662412da0, 1, 1;
S_0x55f66240bcd0 .scope module, "mux_combo" "mux_2x1" 3 49, 3 23 0, S_0x55f66240baf0;
 .timescale 0 0;
    .port_info 0 /INPUT 2 "i";
    .port_info 1 /INPUT 1 "s";
    .port_info 2 /OUTPUT 1 "y";
L_0x55f6624123e0 .functor NOT 1, L_0x55f662412c20, C4<0>, C4<0>, C4<0>;
L_0x55f662412450 .functor AND 1, L_0x55f662412510, L_0x55f6624123e0, C4<1>, C4<1>;
L_0x55f6624126f0 .functor AND 1, L_0x55f662412800, L_0x55f662412c20, C4<1>, C4<1>;
L_0x55f662412980 .functor OR 1, L_0x55f6624129f0, L_0x55f662412b30, C4<0>, C4<0>;
v0x55f66240bf20_0 .net *"_ivl_11", 0 0, L_0x55f662412800;  1 drivers
v0x55f66240c020_0 .net *"_ivl_14", 0 0, L_0x55f6624129f0;  1 drivers
v0x55f66240c100_0 .net *"_ivl_16", 0 0, L_0x55f662412b30;  1 drivers
v0x55f66240c1c0_0 .net *"_ivl_2", 0 0, L_0x55f662412450;  1 drivers
v0x55f66240c2a0_0 .net *"_ivl_5", 0 0, L_0x55f662412510;  1 drivers
v0x55f66240c3d0_0 .net *"_ivl_7", 0 0, L_0x55f6624126f0;  1 drivers
v0x55f66240c4b0_0 .net "i", 1 0, L_0x55f662412250;  alias, 1 drivers
v0x55f66240c590_0 .net "s", 0 0, L_0x55f662412c20;  1 drivers
v0x55f66240c650_0 .net "s_bar", 0 0, L_0x55f6624123e0;  1 drivers
v0x55f66240c7a0_0 .net "tmp", 1 0, L_0x55f662412600;  1 drivers
v0x55f66240c880_0 .net "y", 0 0, L_0x55f662412980;  alias, 1 drivers
L_0x55f662412510 .part L_0x55f662412250, 0, 1;
L_0x55f662412600 .concat8 [ 1 1 0 0], L_0x55f662412450, L_0x55f6624126f0;
L_0x55f662412800 .part L_0x55f662412250, 1, 1;
L_0x55f6624129f0 .part L_0x55f662412600, 1, 1;
L_0x55f662412b30 .part L_0x55f662412600, 0, 1;
S_0x55f66240c9c0 .scope module, "mux_hi" "mux_2x1" 3 47, 3 23 0, S_0x55f66240baf0;
 .timescale 0 0;
    .port_info 0 /INPUT 2 "i";
    .port_info 1 /INPUT 1 "s";
    .port_info 2 /OUTPUT 1 "y";
L_0x55f662410ed0 .functor NOT 1, L_0x55f662411770, C4<0>, C4<0>, C4<0>;
L_0x55f662410f40 .functor AND 1, L_0x55f662411000, L_0x55f662410ed0, C4<1>, C4<1>;
L_0x55f6624111e0 .functor AND 1, L_0x55f6624112f0, L_0x55f662411770, C4<1>, C4<1>;
L_0x55f662411430 .functor OR 1, L_0x55f6624114a0, L_0x55f6624115e0, C4<0>, C4<0>;
v0x55f66240cba0_0 .net *"_ivl_11", 0 0, L_0x55f6624112f0;  1 drivers
v0x55f66240cca0_0 .net *"_ivl_14", 0 0, L_0x55f6624114a0;  1 drivers
v0x55f66240cd80_0 .net *"_ivl_16", 0 0, L_0x55f6624115e0;  1 drivers
v0x55f66240ce40_0 .net *"_ivl_2", 0 0, L_0x55f662410f40;  1 drivers
v0x55f66240cf20_0 .net *"_ivl_5", 0 0, L_0x55f662411000;  1 drivers
v0x55f66240d050_0 .net *"_ivl_7", 0 0, L_0x55f6624111e0;  1 drivers
v0x55f66240d130_0 .net "i", 1 0, L_0x55f6624116d0;  1 drivers
v0x55f66240d210_0 .net "s", 0 0, L_0x55f662411770;  1 drivers
v0x55f66240d2d0_0 .net "s_bar", 0 0, L_0x55f662410ed0;  1 drivers
v0x55f66240d420_0 .net "tmp", 1 0, L_0x55f6624110f0;  1 drivers
v0x55f66240d500_0 .net "y", 0 0, L_0x55f662411430;  1 drivers
L_0x55f662411000 .part L_0x55f6624116d0, 0, 1;
L_0x55f6624110f0 .concat8 [ 1 1 0 0], L_0x55f662410f40, L_0x55f6624111e0;
L_0x55f6624112f0 .part L_0x55f6624116d0, 1, 1;
L_0x55f6624114a0 .part L_0x55f6624110f0, 1, 1;
L_0x55f6624115e0 .part L_0x55f6624110f0, 0, 1;
S_0x55f66240d640 .scope module, "mux_lo" "mux_2x1" 3 48, 3 23 0, S_0x55f66240baf0;
 .timescale 0 0;
    .port_info 0 /INPUT 2 "i";
    .port_info 1 /INPUT 1 "s";
    .port_info 2 /OUTPUT 1 "y";
L_0x55f662411810 .functor NOT 1, L_0x55f662412130, C4<0>, C4<0>, C4<0>;
L_0x55f662411880 .functor AND 1, L_0x55f662411940, L_0x55f662411810, C4<1>, C4<1>;
L_0x55f662411b20 .functor AND 1, L_0x55f662411c30, L_0x55f662412130, C4<1>, C4<1>;
L_0x55f662411d70 .functor OR 1, L_0x55f662411de0, L_0x55f662411f50, C4<0>, C4<0>;
v0x55f66240d820_0 .net *"_ivl_11", 0 0, L_0x55f662411c30;  1 drivers
v0x55f66240d900_0 .net *"_ivl_14", 0 0, L_0x55f662411de0;  1 drivers
v0x55f66240d9e0_0 .net *"_ivl_16", 0 0, L_0x55f662411f50;  1 drivers
v0x55f66240daa0_0 .net *"_ivl_2", 0 0, L_0x55f662411880;  1 drivers
v0x55f66240db80_0 .net *"_ivl_5", 0 0, L_0x55f662411940;  1 drivers
v0x55f66240dcb0_0 .net *"_ivl_7", 0 0, L_0x55f662411b20;  1 drivers
v0x55f66240dd90_0 .net "i", 1 0, L_0x55f662412040;  1 drivers
v0x55f66240de70_0 .net "s", 0 0, L_0x55f662412130;  1 drivers
v0x55f66240df30_0 .net "s_bar", 0 0, L_0x55f662411810;  1 drivers
v0x55f66240e080_0 .net "tmp", 1 0, L_0x55f662411a30;  1 drivers
v0x55f66240e160_0 .net "y", 0 0, L_0x55f662411d70;  1 drivers
L_0x55f662411940 .part L_0x55f662412040, 0, 1;
L_0x55f662411a30 .concat8 [ 1 1 0 0], L_0x55f662411880, L_0x55f662411b20;
L_0x55f662411c30 .part L_0x55f662412040, 1, 1;
L_0x55f662411de0 .part L_0x55f662411a30, 1, 1;
L_0x55f662411f50 .part L_0x55f662411a30, 0, 1;
    .scope S_0x55f6623e6d40;
T_0 ;
    %fork t_1, S_0x55f6623e48b0;
    %jmp t_0;
    .scope S_0x55f6623e48b0;
t_1 ;
    %pushi/vec4 0, 0, 32;
    %store/vec4 v0x55f662408010_0, 0, 32;
T_0.0 ;
    %load/vec4 v0x55f662408010_0;
    %cmpi/s 256, 0, 32;
    %jmp/0xz T_0.1, 5;
    %load/vec4 v0x55f662408010_0;
    %pad/s 8;
    %store/vec4 v0x55f66240ea10_0, 0, 8;
    %delay 5, 0;
    %vpi_call 2 13 "$display", "%b", v0x55f66240ea10_0 {0 0 0};
    %fork t_3, S_0x55f6623db240;
    %jmp t_2;
    .scope S_0x55f6623db240;
t_3 ;
    %pushi/vec4 0, 0, 32;
    %store/vec4 v0x55f6623db420_0, 0, 32;
T_0.2 ;
    %load/vec4 v0x55f6623db420_0;
    %cmpi/s 8, 0, 32;
    %jmp/0xz T_0.3, 5;
    %load/vec4 v0x55f6623db420_0;
    %pad/s 3;
    %store/vec4 v0x55f66240eb00_0, 0, 3;
    %delay 5, 0;
    %vpi_call 2 17 "$display", "%b\011%b", v0x55f66240eb00_0, v0x55f66240ebd0_0 {0 0 0};
    %load/vec4 v0x55f6623db420_0;
    %addi 1, 0, 32;
    %store/vec4 v0x55f6623db420_0, 0, 32;
    %jmp T_0.2;
T_0.3 ;
    %end;
    .scope S_0x55f6623e48b0;
t_2 %join;
    %load/vec4 v0x55f662408010_0;
    %addi 1, 0, 32;
    %store/vec4 v0x55f662408010_0, 0, 32;
    %jmp T_0.0;
T_0.1 ;
    %end;
    .scope S_0x55f6623e6d40;
t_0 %join;
    %end;
    .thread T_0;
# The file index is used to find the file name in the following table.
:file_names 4;
    "N/A";
    "<interactive>";
    "mux_8x1_tb.v";
    "mux_8x1.v";
