#! /usr/bin/vvp
:ivl_version "11.0 (stable)" "(v11_0)";
:ivl_delay_selection "TYPICAL";
:vpi_time_precision + 0;
:vpi_module "/usr/lib/ivl/system.vpi";
:vpi_module "/usr/lib/ivl/vhdl_sys.vpi";
:vpi_module "/usr/lib/ivl/vhdl_textio.vpi";
:vpi_module "/usr/lib/ivl/v2005_math.vpi";
:vpi_module "/usr/lib/ivl/va_math.vpi";
S_0x55a1b3ced110 .scope module, "tb" "tb" 2 1;
 .timescale 0 0;
v0x55a1b3d0c3b0_0 .var "i", 3 0;
v0x55a1b3d0c470_0 .var "s", 1 0;
v0x55a1b3d0c540_0 .net "y", 0 0, L_0x55a1b3d0d6f0;  1 drivers
S_0x55a1b3ced2a0 .scope begin, "$ivl_for_loop0" "$ivl_for_loop0" 2 9, 2 9 0, S_0x55a1b3ced110;
 .timescale 0 0;
v0x55a1b3d0a650_0 .var/i "j", 31 0;
S_0x55a1b3cf0eb0 .scope begin, "$ivl_for_loop1" "$ivl_for_loop1" 2 14, 2 14 0, S_0x55a1b3ced2a0;
 .timescale 0 0;
v0x55a1b3cf1090_0 .var/i "k", 31 0;
S_0x55a1b3d0a750 .scope module, "DUT" "mux_4x1" 2 6, 3 1 0, S_0x55a1b3ced110;
 .timescale 0 0;
    .port_info 0 /INPUT 4 "i";
    .port_info 1 /INPUT 2 "s";
    .port_info 2 /OUTPUT 1 "y";
L_0x55a1b3d0c640 .functor NOT 1, L_0x55a1b3d0c710, C4<0>, C4<0>, C4<0>;
L_0x55a1b3d0c8f0 .functor NOT 1, L_0x55a1b3d0c9b0, C4<0>, C4<0>, C4<0>;
L_0x55a1b3d0caa0 .functor AND 1, L_0x55a1b3d0cba0, L_0x55a1b3d0cd10, L_0x55a1b3d0ce50, C4<1>;
L_0x55a1b3d0cf80 .functor AND 1, L_0x55a1b3d0d020, L_0x55a1b3d0d110, L_0x55a1b3d0d250, C4<1>;
L_0x55a1b3d0d380 .functor AND 1, L_0x55a1b3d0d420, L_0x55a1b3d0d5b0, L_0x55a1b3d0d650, C4<1>;
L_0x55a1b3d0d8f0 .functor AND 1, L_0x55a1b3d0d9f0, L_0x55a1b3d0db60, L_0x55a1b3d0dc50, C4<1>;
L_0x55a1b3d0d6f0 .functor OR 1, L_0x55a1b3d0de20, L_0x55a1b3d0df60, L_0x55a1b3d0e0f0, L_0x55a1b3d0e1e0;
v0x55a1b3d0a9a0_0 .net *"_ivl_1", 0 0, L_0x55a1b3d0c640;  1 drivers
v0x55a1b3d0aaa0_0 .net *"_ivl_10", 0 0, L_0x55a1b3d0c9b0;  1 drivers
v0x55a1b3d0ab80_0 .net *"_ivl_12", 0 0, L_0x55a1b3d0caa0;  1 drivers
v0x55a1b3d0ac40_0 .net *"_ivl_15", 0 0, L_0x55a1b3d0cba0;  1 drivers
v0x55a1b3d0ad20_0 .net *"_ivl_17", 0 0, L_0x55a1b3d0cd10;  1 drivers
v0x55a1b3d0ae50_0 .net *"_ivl_19", 0 0, L_0x55a1b3d0ce50;  1 drivers
v0x55a1b3d0af30_0 .net *"_ivl_21", 0 0, L_0x55a1b3d0cf80;  1 drivers
v0x55a1b3d0b010_0 .net *"_ivl_24", 0 0, L_0x55a1b3d0d020;  1 drivers
v0x55a1b3d0b0f0_0 .net *"_ivl_26", 0 0, L_0x55a1b3d0d110;  1 drivers
v0x55a1b3d0b1d0_0 .net *"_ivl_28", 0 0, L_0x55a1b3d0d250;  1 drivers
v0x55a1b3d0b2b0_0 .net *"_ivl_30", 0 0, L_0x55a1b3d0d380;  1 drivers
v0x55a1b3d0b390_0 .net *"_ivl_33", 0 0, L_0x55a1b3d0d420;  1 drivers
v0x55a1b3d0b470_0 .net *"_ivl_35", 0 0, L_0x55a1b3d0d5b0;  1 drivers
v0x55a1b3d0b550_0 .net *"_ivl_37", 0 0, L_0x55a1b3d0d650;  1 drivers
v0x55a1b3d0b630_0 .net *"_ivl_39", 0 0, L_0x55a1b3d0d8f0;  1 drivers
v0x55a1b3d0b710_0 .net *"_ivl_4", 0 0, L_0x55a1b3d0c710;  1 drivers
v0x55a1b3d0b7f0_0 .net *"_ivl_43", 0 0, L_0x55a1b3d0d9f0;  1 drivers
v0x55a1b3d0b8d0_0 .net *"_ivl_45", 0 0, L_0x55a1b3d0db60;  1 drivers
v0x55a1b3d0b9b0_0 .net *"_ivl_47", 0 0, L_0x55a1b3d0dc50;  1 drivers
v0x55a1b3d0ba90_0 .net *"_ivl_50", 0 0, L_0x55a1b3d0de20;  1 drivers
v0x55a1b3d0bb70_0 .net *"_ivl_52", 0 0, L_0x55a1b3d0df60;  1 drivers
v0x55a1b3d0bc50_0 .net *"_ivl_54", 0 0, L_0x55a1b3d0e0f0;  1 drivers
v0x55a1b3d0bd30_0 .net *"_ivl_56", 0 0, L_0x55a1b3d0e1e0;  1 drivers
v0x55a1b3d0be10_0 .net *"_ivl_6", 0 0, L_0x55a1b3d0c8f0;  1 drivers
v0x55a1b3d0bef0_0 .net "i", 3 0, v0x55a1b3d0c3b0_0;  1 drivers
v0x55a1b3d0bfd0_0 .net "s", 1 0, v0x55a1b3d0c470_0;  1 drivers
v0x55a1b3d0c0b0_0 .net "s_bar", 1 0, L_0x55a1b3d0c800;  1 drivers
v0x55a1b3d0c190_0 .net "tmp", 3 0, L_0x55a1b3d0d760;  1 drivers
v0x55a1b3d0c270_0 .net "y", 0 0, L_0x55a1b3d0d6f0;  alias, 1 drivers
L_0x55a1b3d0c710 .part v0x55a1b3d0c470_0, 1, 1;
L_0x55a1b3d0c800 .concat8 [ 1 1 0 0], L_0x55a1b3d0c8f0, L_0x55a1b3d0c640;
L_0x55a1b3d0c9b0 .part v0x55a1b3d0c470_0, 0, 1;
L_0x55a1b3d0cba0 .part v0x55a1b3d0c3b0_0, 0, 1;
L_0x55a1b3d0cd10 .part L_0x55a1b3d0c800, 1, 1;
L_0x55a1b3d0ce50 .part L_0x55a1b3d0c800, 0, 1;
L_0x55a1b3d0d020 .part v0x55a1b3d0c3b0_0, 1, 1;
L_0x55a1b3d0d110 .part L_0x55a1b3d0c800, 1, 1;
L_0x55a1b3d0d250 .part v0x55a1b3d0c470_0, 0, 1;
L_0x55a1b3d0d420 .part v0x55a1b3d0c3b0_0, 2, 1;
L_0x55a1b3d0d5b0 .part v0x55a1b3d0c470_0, 1, 1;
L_0x55a1b3d0d650 .part L_0x55a1b3d0c800, 0, 1;
L_0x55a1b3d0d760 .concat8 [ 1 1 1 1], L_0x55a1b3d0caa0, L_0x55a1b3d0cf80, L_0x55a1b3d0d380, L_0x55a1b3d0d8f0;
L_0x55a1b3d0d9f0 .part v0x55a1b3d0c3b0_0, 3, 1;
L_0x55a1b3d0db60 .part v0x55a1b3d0c470_0, 1, 1;
L_0x55a1b3d0dc50 .part v0x55a1b3d0c470_0, 0, 1;
L_0x55a1b3d0de20 .part L_0x55a1b3d0d760, 3, 1;
L_0x55a1b3d0df60 .part L_0x55a1b3d0d760, 2, 1;
L_0x55a1b3d0e0f0 .part L_0x55a1b3d0d760, 1, 1;
L_0x55a1b3d0e1e0 .part L_0x55a1b3d0d760, 0, 1;
    .scope S_0x55a1b3ced110;
T_0 ;
    %fork t_1, S_0x55a1b3ced2a0;
    %jmp t_0;
    .scope S_0x55a1b3ced2a0;
t_1 ;
    %pushi/vec4 0, 0, 32;
    %store/vec4 v0x55a1b3d0a650_0, 0, 32;
T_0.0 ;
    %load/vec4 v0x55a1b3d0a650_0;
    %cmpi/s 16, 0, 32;
    %jmp/0xz T_0.1, 5;
    %load/vec4 v0x55a1b3d0a650_0;
    %pad/s 4;
    %store/vec4 v0x55a1b3d0c3b0_0, 0, 4;
    %delay 5, 0;
    %vpi_call 2 13 "$display", "%b", v0x55a1b3d0c3b0_0 {0 0 0};
    %fork t_3, S_0x55a1b3cf0eb0;
    %jmp t_2;
    .scope S_0x55a1b3cf0eb0;
t_3 ;
    %pushi/vec4 0, 0, 32;
    %store/vec4 v0x55a1b3cf1090_0, 0, 32;
T_0.2 ;
    %load/vec4 v0x55a1b3cf1090_0;
    %cmpi/s 4, 0, 32;
    %jmp/0xz T_0.3, 5;
    %load/vec4 v0x55a1b3cf1090_0;
    %pad/s 2;
    %store/vec4 v0x55a1b3d0c470_0, 0, 2;
    %delay 5, 0;
    %vpi_call 2 17 "$display", "%b\011%b", v0x55a1b3d0c470_0, v0x55a1b3d0c540_0 {0 0 0};
    %load/vec4 v0x55a1b3cf1090_0;
    %addi 1, 0, 32;
    %store/vec4 v0x55a1b3cf1090_0, 0, 32;
    %jmp T_0.2;
T_0.3 ;
    %end;
    .scope S_0x55a1b3ced2a0;
t_2 %join;
    %load/vec4 v0x55a1b3d0a650_0;
    %addi 1, 0, 32;
    %store/vec4 v0x55a1b3d0a650_0, 0, 32;
    %jmp T_0.0;
T_0.1 ;
    %end;
    .scope S_0x55a1b3ced110;
t_0 %join;
    %end;
    .thread T_0;
# The file index is used to find the file name in the following table.
:file_names 4;
    "N/A";
    "<interactive>";
    "mux_4x1_tb.v";
    "mux_4x1_gate.v";
